<?xml version="1.0" encoding="UTF-8"?>
<testng-results ignored="0" total="1" passed="1" failed="0" skipped="0">
  <reporter-output>
  </reporter-output>
  <suite started-at="2022-12-16T10:22:21 IST" name="Default suite" finished-at="2022-12-16T10:22:26 IST" duration-ms="4767">
    <groups>
    </groups>
    <test started-at="2022-12-16T10:22:21 IST" name="Default test" finished-at="2022-12-16T10:22:26 IST" duration-ms="4767">
      <class name="com.truepush.qa.APITestcases.PostcampaignBDD">
        <test-method signature="validatePostCampaign()[pri:0, instance:com.truepush.qa.APITestcases.PostcampaignBDD@4facf68f]" started-at="2022-12-16T10:22:21 IST" name="validatePostCampaign" finished-at="2022-12-16T10:22:26 IST" duration-ms="4721" status="PASS">
          <reporter-output>
          </reporter-output>
        </test-method> <!-- validatePostCampaign -->
      </class> <!-- com.truepush.qa.APITestcases.PostcampaignBDD -->
    </test> <!-- Default test -->
  </suite> <!-- Default suite -->
</testng-results>
